<?xml version="1.0" encoding="UTF-8"?>
<!-- Generated by org.testng.reporters.JUnitReportReporter -->
<testsuite hostname="EPINGUGW01C3" failures="0" tests="1" name="testRunner.RunTest" time="6.408" errors="0" timestamp="2022-05-12T14:45:40 IST" skipped="0">
  <testcase classname="testRunner.RunTest" name="runScenario" time="6.408"/>
  <system-out/>
</testsuite> <!-- testRunner.RunTest -->
